<?xml version="1.0" encoding="UTF-8"?>
<!-- Generated by org.testng.reporters.JUnitReportReporter -->
<testsuite hostname="LT14-DBR1-IND" failures="0" tests="1" name="com.qa.tests.searchResultPageTest" time="66.422" errors="0" timestamp="2021-11-30T21:09:39 IST" skipped="0">
  <testcase classname="com.qa.tests.searchResultPageTest" name="validateSearchResultPageTitle" time="66.422"/>
  <system-out/>
</testsuite> <!-- com.qa.tests.searchResultPageTest -->
