<?xml version="1.0" encoding="UTF-8"?>
<!-- Generated by org.testng.reporters.JUnitReportReporter -->
<testsuite hostname="LT14-DBR1-IND" failures="0" tests="1" name="com.qa.tests.searchResultPageTest" time="28.380" errors="0" timestamp="2021-12-01T21:15:42 IST" skipped="0">
  <testcase classname="com.qa.tests.searchResultPageTest" name="validateSearchResultPageTitle" time="28.380"/>
  <system-out/>
</testsuite> <!-- com.qa.tests.searchResultPageTest -->
