<?xml version="1.0" encoding="UTF-8"?>
<!-- Generated by org.testng.reporters.JUnitReportReporter -->
<testsuite hostname="LT14-DBR1-IND" failures="0" tests="2" name="com.qa.tests.searchPageTest" time="217.325" errors="0" timestamp="2021-11-30T21:09:39 IST" skipped="0">
  <testcase classname="com.qa.tests.searchPageTest" name="validateSearchPageTitle" time="134.579"/>
  <system-out/>
  <testcase classname="com.qa.tests.searchPageTest" name="searchCity" time="82.746"/>
  <system-out/>
</testsuite> <!-- com.qa.tests.searchPageTest -->
