<?xml version="1.0" encoding="UTF-8"?>
<!-- Generated by org.testng.reporters.JUnitReportReporter -->
<testsuite hostname="LT14-DBR1-IND" failures="0" tests="2" name="com.qa.tests.searchPageTest" time="53.391" errors="0" timestamp="2021-12-01T21:15:42 IST" skipped="0">
  <testcase classname="com.qa.tests.searchPageTest" name="validateSearchPageTitle" time="23.748"/>
  <system-out/>
  <testcase classname="com.qa.tests.searchPageTest" name="searchCity" time="29.643"/>
  <system-out/>
</testsuite> <!-- com.qa.tests.searchPageTest -->
