<?xml version="1.0" encoding="UTF-8"?>
<!-- Generated by org.testng.reporters.JUnitReportReporter -->
<testsuite hostname="LT14-DBR1-IND" failures="0" tests="1" name="com.qa.ui.tests.searchResultPageTest" time="48.177" errors="0" timestamp="2021-11-27T14:18:51 IST" skipped="0">
  <testcase classname="com.qa.ui.tests.searchResultPageTest" name="validateSearchResultPageTitle" time="48.177"/>
  <system-out/>
</testsuite> <!-- com.qa.ui.tests.searchResultPageTest -->
