<?xml version="1.0" encoding="UTF-8"?>
<!-- Generated by org.testng.reporters.JUnitReportReporter -->
<testsuite hostname="LT14-DBR1-IND" failures="0" tests="2" name="com.qa.tests.GetTemparatureRest" time="2.975" errors="0" timestamp="2021-12-17T19:06:59 IST" skipped="0">
  <testcase classname="com.qa.tests.GetTemparatureRest" name="getCode" time="0.363"/>
  <system-out/>
  <testcase classname="com.qa.tests.GetTemparatureRest" name="getBody" time="2.612"/>
  <system-out/>
</testsuite> <!-- com.qa.tests.GetTemparatureRest -->
